2025-11-23T10:38:26.566+05:30  INFO 22240 --- [placingorder] [restartedMain] com.cts.PlacingOrderApplication          : Starting PlacingOrderApplication using Java 21.0.7 with PID 22240 (C:\Users\2397859\Downloads\PlacingOrder 18\PlacingOrder\target\classes started by 2397859 in C:\Users\2397859\Downloads\PlacingOrder 18\PlacingOrder)
2025-11-23T10:38:26.577+05:30 DEBUG 22240 --- [placingorder] [restartedMain] com.cts.PlacingOrderApplication          : Running with Spring Boot v3.2.0, Spring v6.1.1
2025-11-23T10:38:26.583+05:30  INFO 22240 --- [placingorder] [restartedMain] com.cts.PlacingOrderApplication          : No active profile set, falling back to 1 default profile: "default"
2025-11-23T10:38:26.663+05:30  INFO 22240 --- [placingorder] [restartedMain] .e.DevToolsPropertyDefaultsPostProcessor : Devtools property defaults active! Set 'spring.devtools.add-properties' to 'false' to disable
2025-11-23T10:38:26.663+05:30  INFO 22240 --- [placingorder] [restartedMain] .e.DevToolsPropertyDefaultsPostProcessor : For additional web related logging consider setting the 'logging.level.web' property to 'DEBUG'
2025-11-23T10:38:28.544+05:30  INFO 22240 --- [placingorder] [restartedMain] .s.d.r.c.RepositoryConfigurationDelegate : Bootstrapping Spring Data JPA repositories in DEFAULT mode.
2025-11-23T10:38:28.711+05:30  INFO 22240 --- [placingorder] [restartedMain] .s.d.r.c.RepositoryConfigurationDelegate : Finished Spring Data repository scanning in 157 ms. Found 1 JPA repository interface.
2025-11-23T10:38:29.549+05:30  WARN 22240 --- [placingorder] [restartedMain] trationDelegate$BeanPostProcessorChecker : Bean 'org.springframework.cloud.client.loadbalancer.LoadBalancerAutoConfiguration$LoadBalancerInterceptorConfig' of type [org.springframework.cloud.client.loadbalancer.LoadBalancerAutoConfiguration$LoadBalancerInterceptorConfig] is not eligible for getting processed by all BeanPostProcessors (for example: not eligible for auto-proxying). The currently created BeanPostProcessor [lbRestClientPostProcessor] is declared through a non-static factory method on that class; consider declaring it as static instead.
2025-11-23T10:38:29.555+05:30  WARN 22240 --- [placingorder] [restartedMain] trationDelegate$BeanPostProcessorChecker : Bean 'org.springframework.cloud.loadbalancer.config.BlockingLoadBalancerClientAutoConfiguration' of type [org.springframework.cloud.loadbalancer.config.BlockingLoadBalancerClientAutoConfiguration] is not eligible for getting processed by all BeanPostProcessors (for example: not eligible for auto-proxying). Is this bean getting eagerly injected into a currently created BeanPostProcessor [lbRestClientPostProcessor]? Check the corresponding BeanPostProcessor declaration and its dependencies.
2025-11-23T10:38:29.559+05:30  WARN 22240 --- [placingorder] [restartedMain] trationDelegate$BeanPostProcessorChecker : Bean 'org.springframework.cloud.loadbalancer.config.LoadBalancerAutoConfiguration' of type [org.springframework.cloud.loadbalancer.config.LoadBalancerAutoConfiguration] is not eligible for getting processed by all BeanPostProcessors (for example: not eligible for auto-proxying). Is this bean getting eagerly injected into a currently created BeanPostProcessor [lbRestClientPostProcessor]? Check the corresponding BeanPostProcessor declaration and its dependencies.
2025-11-23T10:38:29.571+05:30  WARN 22240 --- [placingorder] [restartedMain] trationDelegate$BeanPostProcessorChecker : Bean 'org.springframework.cloud.commons.config.CommonsConfigAutoConfiguration' of type [org.springframework.cloud.commons.config.CommonsConfigAutoConfiguration] is not eligible for getting processed by all BeanPostProcessors (for example: not eligible for auto-proxying). Is this bean getting eagerly injected into a currently created BeanPostProcessor [lbRestClientPostProcessor]? Check the corresponding BeanPostProcessor declaration and its dependencies.
2025-11-23T10:38:29.576+05:30  WARN 22240 --- [placingorder] [restartedMain] trationDelegate$BeanPostProcessorChecker : Bean 'org.springframework.cloud.client.loadbalancer.LoadBalancerDefaultMappingsProviderAutoConfiguration' of type [org.springframework.cloud.client.loadbalancer.LoadBalancerDefaultMappingsProviderAutoConfiguration] is not eligible for getting processed by all BeanPostProcessors (for example: not eligible for auto-proxying). Is this bean getting eagerly injected into a currently created BeanPostProcessor [lbRestClientPostProcessor]? Check the corresponding BeanPostProcessor declaration and its dependencies.
2025-11-23T10:38:29.581+05:30  WARN 22240 --- [placingorder] [restartedMain] trationDelegate$BeanPostProcessorChecker : Bean 'loadBalancerClientsDefaultsMappingsProvider' of type [org.springframework.cloud.client.loadbalancer.LoadBalancerDefaultMappingsProviderAutoConfiguration$$Lambda/0x0000018c835af168] is not eligible for getting processed by all BeanPostProcessors (for example: not eligible for auto-proxying). Is this bean getting eagerly injected into a currently created BeanPostProcessor [lbRestClientPostProcessor]? Check the corresponding BeanPostProcessor declaration and its dependencies.
2025-11-23T10:38:29.588+05:30  WARN 22240 --- [placingorder] [restartedMain] trationDelegate$BeanPostProcessorChecker : Bean 'defaultsBindHandlerAdvisor' of type [org.springframework.cloud.commons.config.DefaultsBindHandlerAdvisor] is not eligible for getting processed by all BeanPostProcessors (for example: not eligible for auto-proxying). Is this bean getting eagerly injected into a currently created BeanPostProcessor [lbRestClientPostProcessor]? Check the corresponding BeanPostProcessor declaration and its dependencies.
2025-11-23T10:38:29.599+05:30  WARN 22240 --- [placingorder] [restartedMain] trationDelegate$BeanPostProcessorChecker : Bean 'spring.cloud.loadbalancer-org.springframework.cloud.client.loadbalancer.LoadBalancerClientsProperties' of type [org.springframework.cloud.client.loadbalancer.LoadBalancerClientsProperties] is not eligible for getting processed by all BeanPostProcessors (for example: not eligible for auto-proxying). Is this bean getting eagerly injected into a currently created BeanPostProcessor [lbRestClientPostProcessor]? Check the corresponding BeanPostProcessor declaration and its dependencies.
2025-11-23T10:38:29.608+05:30  WARN 22240 --- [placingorder] [restartedMain] trationDelegate$BeanPostProcessorChecker : Bean 'default.org.springframework.cloud.loadbalancer.config.LoadBalancerAutoConfiguration.LoadBalancerClientSpecification' of type [org.springframework.cloud.loadbalancer.annotation.LoadBalancerClientSpecification] is not eligible for getting processed by all BeanPostProcessors (for example: not eligible for auto-proxying). Is this bean getting eagerly injected into a currently created BeanPostProcessor [lbRestClientPostProcessor]? Check the corresponding BeanPostProcessor declaration and its dependencies.
2025-11-23T10:38:29.612+05:30  WARN 22240 --- [placingorder] [restartedMain] trationDelegate$BeanPostProcessorChecker : Bean 'default.org.springframework.cloud.loadbalancer.config.BlockingLoadBalancerClientAutoConfiguration.LoadBalancerClientSpecification' of type [org.springframework.cloud.loadbalancer.annotation.LoadBalancerClientSpecification] is not eligible for getting processed by all BeanPostProcessors (for example: not eligible for auto-proxying). Is this bean getting eagerly injected into a currently created BeanPostProcessor [lbRestClientPostProcessor]? Check the corresponding BeanPostProcessor declaration and its dependencies.
2025-11-23T10:38:29.613+05:30  WARN 22240 --- [placingorder] [restartedMain] trationDelegate$BeanPostProcessorChecker : Bean 'default.org.springframework.cloud.netflix.eureka.loadbalancer.LoadBalancerEurekaAutoConfiguration.LoadBalancerClientSpecification' of type [org.springframework.cloud.loadbalancer.annotation.LoadBalancerClientSpecification] is not eligible for getting processed by all BeanPostProcessors (for example: not eligible for auto-proxying). Is this bean getting eagerly injected into a currently created BeanPostProcessor [lbRestClientPostProcessor]? Check the corresponding BeanPostProcessor declaration and its dependencies.
2025-11-23T10:38:29.615+05:30  WARN 22240 --- [placingorder] [restartedMain] trationDelegate$BeanPostProcessorChecker : Bean 'loadBalancerClientFactory' of type [org.springframework.cloud.loadbalancer.support.LoadBalancerClientFactory] is not eligible for getting processed by all BeanPostProcessors (for example: not eligible for auto-proxying). Is this bean getting eagerly injected into a currently created BeanPostProcessor [lbRestClientPostProcessor]? Check the corresponding BeanPostProcessor declaration and its dependencies.
2025-11-23T10:38:29.625+05:30  WARN 22240 --- [placingorder] [restartedMain] trationDelegate$BeanPostProcessorChecker : Bean 'blockingLoadBalancerClient' of type [org.springframework.cloud.loadbalancer.blocking.client.BlockingLoadBalancerClient] is not eligible for getting processed by all BeanPostProcessors (for example: not eligible for auto-proxying). Is this bean getting eagerly injected into a currently created BeanPostProcessor [lbRestClientPostProcessor]? Check the corresponding BeanPostProcessor declaration and its dependencies.
2025-11-23T10:38:29.638+05:30  WARN 22240 --- [placingorder] [restartedMain] trationDelegate$BeanPostProcessorChecker : Bean 'loadBalancerServiceInstanceCookieTransformer' of type [org.springframework.cloud.loadbalancer.core.LoadBalancerServiceInstanceCookieTransformer] is not eligible for getting processed by all BeanPostProcessors (for example: not eligible for auto-proxying). Is this bean getting eagerly injected into a currently created BeanPostProcessor [lbRestClientPostProcessor]? Check the corresponding BeanPostProcessor declaration and its dependencies.
2025-11-23T10:38:29.640+05:30  WARN 22240 --- [placingorder] [restartedMain] trationDelegate$BeanPostProcessorChecker : Bean 'xForwarderHeadersTransformer' of type [org.springframework.cloud.loadbalancer.blocking.XForwardedHeadersTransformer] is not eligible for getting processed by all BeanPostProcessors (for example: not eligible for auto-proxying). Is this bean getting eagerly injected into a currently created BeanPostProcessor [lbRestClientPostProcessor]? Check the corresponding BeanPostProcessor declaration and its dependencies.
2025-11-23T10:38:29.643+05:30  WARN 22240 --- [placingorder] [restartedMain] trationDelegate$BeanPostProcessorChecker : Bean 'org.springframework.cloud.client.loadbalancer.LoadBalancerAutoConfiguration' of type [org.springframework.cloud.client.loadbalancer.LoadBalancerAutoConfiguration] is not eligible for getting processed by all BeanPostProcessors (for example: not eligible for auto-proxying). Is this bean getting eagerly injected into a currently created BeanPostProcessor [lbRestClientPostProcessor]? Check the corresponding BeanPostProcessor declaration and its dependencies.
2025-11-23T10:38:29.648+05:30  WARN 22240 --- [placingorder] [restartedMain] trationDelegate$BeanPostProcessorChecker : Bean 'loadBalancerRequestFactory' of type [org.springframework.cloud.client.loadbalancer.LoadBalancerRequestFactory] is not eligible for getting processed by all BeanPostProcessors (for example: not eligible for auto-proxying). Is this bean getting eagerly injected into a currently created BeanPostProcessor [lbRestClientPostProcessor]? Check the corresponding BeanPostProcessor declaration and its dependencies.
2025-11-23T10:38:29.651+05:30  WARN 22240 --- [placingorder] [restartedMain] trationDelegate$BeanPostProcessorChecker : Bean 'loadBalancerInterceptor' of type [org.springframework.cloud.client.loadbalancer.LoadBalancerInterceptor] is not eligible for getting processed by all BeanPostProcessors (for example: not eligible for auto-proxying). Is this bean getting eagerly injected into a currently created BeanPostProcessor [lbRestClientPostProcessor]? Check the corresponding BeanPostProcessor declaration and its dependencies.
2025-11-23T10:38:30.300+05:30  INFO 22240 --- [placingorder] [restartedMain] o.s.b.w.embedded.tomcat.TomcatWebServer  : Tomcat initialized with port 8083 (http)
2025-11-23T10:38:30.320+05:30  INFO 22240 --- [placingorder] [restartedMain] o.apache.catalina.core.StandardService   : Starting service [Tomcat]
2025-11-23T10:38:30.321+05:30  INFO 22240 --- [placingorder] [restartedMain] o.apache.catalina.core.StandardEngine    : Starting Servlet engine: [Apache Tomcat/10.1.16]
2025-11-23T10:38:30.461+05:30  INFO 22240 --- [placingorder] [restartedMain] o.a.c.c.C.[Tomcat].[localhost].[/]       : Initializing Spring embedded WebApplicationContext
2025-11-23T10:38:30.462+05:30  INFO 22240 --- [placingorder] [restartedMain] w.s.c.ServletWebServerApplicationContext : Root WebApplicationContext: initialization completed in 3796 ms
2025-11-23T10:38:30.657+05:30  INFO 22240 --- [placingorder] [restartedMain] com.zaxxer.hikari.HikariDataSource       : HikariPool-1 - Starting...
2025-11-23T10:38:31.043+05:30  INFO 22240 --- [placingorder] [restartedMain] com.zaxxer.hikari.pool.HikariPool        : HikariPool-1 - Added connection com.mysql.cj.jdbc.ConnectionImpl@4e58a4e
2025-11-23T10:38:31.045+05:30  INFO 22240 --- [placingorder] [restartedMain] com.zaxxer.hikari.HikariDataSource       : HikariPool-1 - Start completed.
2025-11-23T10:38:31.054+05:30  INFO 22240 --- [placingorder] [restartedMain] o.s.b.a.h2.H2ConsoleAutoConfiguration    : H2 console available at '/h2-console'. Database available at 'jdbc:mysql://localhost:3306/orders'
2025-11-23T10:38:31.416+05:30  INFO 22240 --- [placingorder] [restartedMain] o.hibernate.jpa.internal.util.LogHelper  : HHH000204: Processing PersistenceUnitInfo [name: default]
2025-11-23T10:38:31.521+05:30  INFO 22240 --- [placingorder] [restartedMain] org.hibernate.Version                    : HHH000412: Hibernate ORM core version 6.3.1.Final
2025-11-23T10:38:31.576+05:30  INFO 22240 --- [placingorder] [restartedMain] o.h.c.internal.RegionFactoryInitiator    : HHH000026: Second-level cache disabled
2025-11-23T10:38:31.949+05:30  INFO 22240 --- [placingorder] [restartedMain] o.s.o.j.p.SpringPersistenceUnitInfo      : No LoadTimeWeaver setup: ignoring JPA class transformer
2025-11-23T10:38:32.164+05:30  WARN 22240 --- [placingorder] [restartedMain] org.hibernate.orm.deprecation            : HHH90000025: MySQLDialect does not need to be specified explicitly using 'hibernate.dialect' (remove the property setting and it will be selected by default)
2025-11-23T10:38:33.388+05:30  INFO 22240 --- [placingorder] [restartedMain] o.h.e.t.j.p.i.JtaPlatformInitiator       : HHH000489: No JTA platform available (set 'hibernate.transaction.jta.platform' to enable JTA platform integration)
2025-11-23T10:38:33.701+05:30  INFO 22240 --- [placingorder] [restartedMain] j.LocalContainerEntityManagerFactoryBean : Initialized JPA EntityManagerFactory for persistence unit 'default'
2025-11-23T10:38:34.512+05:30  WARN 22240 --- [placingorder] [restartedMain] o.s.b.d.a.OptionalLiveReloadServer       : Unable to start LiveReload server
2025-11-23T10:38:36.646+05:30  WARN 22240 --- [placingorder] [restartedMain] iguration$LoadBalancerCaffeineWarnLogger : Spring Cloud LoadBalancer is currently working with the default cache. While this cache implementation is useful for development and tests, it's recommended to use Caffeine cache in production.You can switch to using Caffeine cache, by adding it and org.springframework.cache.caffeine.CaffeineCacheManager to the classpath.
2025-11-23T10:38:36.667+05:30  INFO 22240 --- [placingorder] [restartedMain] o.s.b.a.e.web.EndpointLinksResolver      : Exposing 3 endpoint(s) beneath base path '/actuator'
2025-11-23T10:38:37.154+05:30  INFO 22240 --- [placingorder] [restartedMain] o.s.b.w.embedded.tomcat.TomcatWebServer  : Tomcat started on port 8083 (http) with context path ''
2025-11-23T10:38:37.186+05:30  INFO 22240 --- [placingorder] [restartedMain] com.cts.PlacingOrderApplication          : Started PlacingOrderApplication in 12.557 seconds (process running for 28.156)
2025-11-23T10:38:37.818+05:30  INFO 22240 --- [placingorder] [RMI TCP Connection(9)-127.0.0.1] o.a.c.c.C.[Tomcat].[localhost].[/]       : Initializing Spring DispatcherServlet 'dispatcherServlet'
2025-11-23T10:38:37.819+05:30  INFO 22240 --- [placingorder] [RMI TCP Connection(9)-127.0.0.1] o.s.web.servlet.DispatcherServlet        : Initializing Servlet 'dispatcherServlet'
2025-11-23T10:38:37.820+05:30  INFO 22240 --- [placingorder] [RMI TCP Connection(9)-127.0.0.1] o.s.web.servlet.DispatcherServlet        : Completed initialization in 1 ms
2025-11-23T10:38:52.153+05:30  INFO 22240 --- [placingorder] [http-nio-8083-exec-2] c.c.logging.config.RequestLoggingFilter  : Incoming Request: method=GET, uri=/api/orders
2025-11-23T10:38:52.185+05:30  INFO 22240 --- [placingorder] [http-nio-8083-exec-2] com.cts.controller.OrderController       : 📋 Fetching all orders
2025-11-23T10:38:52.206+05:30  INFO 22240 --- [placingorder] [http-nio-8083-exec-2] com.cts.service.OrderServiceImpl         : Fetching all orders from repository
2025-11-23T10:38:52.547+05:30  INFO 22240 --- [placingorder] [http-nio-8083-exec-2] com.cts.controller.OrderController       : ✅ Retrieved 19 orders
2025-11-23T10:38:52.605+05:30  INFO 22240 --- [placingorder] [http-nio-8083-exec-2] c.c.l.config.ResponseLoggingFilter       : Outgoing Response: status=200
2025-11-23T10:40:29.274+05:30  INFO 22240 --- [placingorder] [RMI TCP Connection(12)-127.0.0.1] inMXBeanRegistrar$SpringApplicationAdmin : Application shutdown requested.
2025-11-23T10:40:29.332+05:30  INFO 22240 --- [placingorder] [RMI TCP Connection(12)-127.0.0.1] j.LocalContainerEntityManagerFactoryBean : Closing JPA EntityManagerFactory for persistence unit 'default'
2025-11-23T10:40:29.342+05:30  INFO 22240 --- [placingorder] [RMI TCP Connection(12)-127.0.0.1] com.zaxxer.hikari.HikariDataSource       : HikariPool-1 - Shutdown initiated...
2025-11-23T10:40:29.354+05:30  INFO 22240 --- [placingorder] [RMI TCP Connection(12)-127.0.0.1] com.zaxxer.hikari.HikariDataSource       : HikariPool-1 - Shutdown completed.
2025-11-23T10:40:42.141+05:30  INFO 33768 --- [placingorder] [restartedMain] com.cts.PlacingOrderApplication          : Starting PlacingOrderApplication using Java 21.0.7 with PID 33768 (C:\Users\2397859\Downloads\PlacingOrder 18\PlacingOrder\target\classes started by 2397859 in C:\Users\2397859\Downloads\PlacingOrder 18\PlacingOrder)
2025-11-23T10:40:42.142+05:30 DEBUG 33768 --- [placingorder] [restartedMain] com.cts.PlacingOrderApplication          : Running with Spring Boot v3.2.0, Spring v6.1.1
2025-11-23T10:40:42.143+05:30  INFO 33768 --- [placingorder] [restartedMain] com.cts.PlacingOrderApplication          : No active profile set, falling back to 1 default profile: "default"
2025-11-23T10:40:42.221+05:30  INFO 33768 --- [placingorder] [restartedMain] .e.DevToolsPropertyDefaultsPostProcessor : Devtools property defaults active! Set 'spring.devtools.add-properties' to 'false' to disable
2025-11-23T10:40:42.221+05:30  INFO 33768 --- [placingorder] [restartedMain] .e.DevToolsPropertyDefaultsPostProcessor : For additional web related logging consider setting the 'logging.level.web' property to 'DEBUG'
2025-11-23T10:40:43.574+05:30  INFO 33768 --- [placingorder] [restartedMain] .s.d.r.c.RepositoryConfigurationDelegate : Bootstrapping Spring Data JPA repositories in DEFAULT mode.
2025-11-23T10:40:43.700+05:30  INFO 33768 --- [placingorder] [restartedMain] .s.d.r.c.RepositoryConfigurationDelegate : Finished Spring Data repository scanning in 119 ms. Found 1 JPA repository interface.
2025-11-23T10:40:44.345+05:30  WARN 33768 --- [placingorder] [restartedMain] trationDelegate$BeanPostProcessorChecker : Bean 'org.springframework.cloud.client.loadbalancer.LoadBalancerAutoConfiguration$LoadBalancerInterceptorConfig' of type [org.springframework.cloud.client.loadbalancer.LoadBalancerAutoConfiguration$LoadBalancerInterceptorConfig] is not eligible for getting processed by all BeanPostProcessors (for example: not eligible for auto-proxying). The currently created BeanPostProcessor [lbRestClientPostProcessor] is declared through a non-static factory method on that class; consider declaring it as static instead.
2025-11-23T10:40:44.350+05:30  WARN 33768 --- [placingorder] [restartedMain] trationDelegate$BeanPostProcessorChecker : Bean 'org.springframework.cloud.loadbalancer.config.BlockingLoadBalancerClientAutoConfiguration' of type [org.springframework.cloud.loadbalancer.config.BlockingLoadBalancerClientAutoConfiguration] is not eligible for getting processed by all BeanPostProcessors (for example: not eligible for auto-proxying). Is this bean getting eagerly injected into a currently created BeanPostProcessor [lbRestClientPostProcessor]? Check the corresponding BeanPostProcessor declaration and its dependencies.
2025-11-23T10:40:44.353+05:30  WARN 33768 --- [placingorder] [restartedMain] trationDelegate$BeanPostProcessorChecker : Bean 'org.springframework.cloud.loadbalancer.config.LoadBalancerAutoConfiguration' of type [org.springframework.cloud.loadbalancer.config.LoadBalancerAutoConfiguration] is not eligible for getting processed by all BeanPostProcessors (for example: not eligible for auto-proxying). Is this bean getting eagerly injected into a currently created BeanPostProcessor [lbRestClientPostProcessor]? Check the corresponding BeanPostProcessor declaration and its dependencies.
2025-11-23T10:40:44.365+05:30  WARN 33768 --- [placingorder] [restartedMain] trationDelegate$BeanPostProcessorChecker : Bean 'org.springframework.cloud.commons.config.CommonsConfigAutoConfiguration' of type [org.springframework.cloud.commons.config.CommonsConfigAutoConfiguration] is not eligible for getting processed by all BeanPostProcessors (for example: not eligible for auto-proxying). Is this bean getting eagerly injected into a currently created BeanPostProcessor [lbRestClientPostProcessor]? Check the corresponding BeanPostProcessor declaration and its dependencies.
2025-11-23T10:40:44.368+05:30  WARN 33768 --- [placingorder] [restartedMain] trationDelegate$BeanPostProcessorChecker : Bean 'org.springframework.cloud.client.loadbalancer.LoadBalancerDefaultMappingsProviderAutoConfiguration' of type [org.springframework.cloud.client.loadbalancer.LoadBalancerDefaultMappingsProviderAutoConfiguration] is not eligible for getting processed by all BeanPostProcessors (for example: not eligible for auto-proxying). Is this bean getting eagerly injected into a currently created BeanPostProcessor [lbRestClientPostProcessor]? Check the corresponding BeanPostProcessor declaration and its dependencies.
2025-11-23T10:40:44.371+05:30  WARN 33768 --- [placingorder] [restartedMain] trationDelegate$BeanPostProcessorChecker : Bean 'loadBalancerClientsDefaultsMappingsProvider' of type [org.springframework.cloud.client.loadbalancer.LoadBalancerDefaultMappingsProviderAutoConfiguration$$Lambda/0x000002b2445d31c8] is not eligible for getting processed by all BeanPostProcessors (for example: not eligible for auto-proxying). Is this bean getting eagerly injected into a currently created BeanPostProcessor [lbRestClientPostProcessor]? Check the corresponding BeanPostProcessor declaration and its dependencies.
2025-11-23T10:40:44.375+05:30  WARN 33768 --- [placingorder] [restartedMain] trationDelegate$BeanPostProcessorChecker : Bean 'defaultsBindHandlerAdvisor' of type [org.springframework.cloud.commons.config.DefaultsBindHandlerAdvisor] is not eligible for getting processed by all BeanPostProcessors (for example: not eligible for auto-proxying). Is this bean getting eagerly injected into a currently created BeanPostProcessor [lbRestClientPostProcessor]? Check the corresponding BeanPostProcessor declaration and its dependencies.
2025-11-23T10:40:44.384+05:30  WARN 33768 --- [placingorder] [restartedMain] trationDelegate$BeanPostProcessorChecker : Bean 'spring.cloud.loadbalancer-org.springframework.cloud.client.loadbalancer.LoadBalancerClientsProperties' of type [org.springframework.cloud.client.loadbalancer.LoadBalancerClientsProperties] is not eligible for getting processed by all BeanPostProcessors (for example: not eligible for auto-proxying). Is this bean getting eagerly injected into a currently created BeanPostProcessor [lbRestClientPostProcessor]? Check the corresponding BeanPostProcessor declaration and its dependencies.
2025-11-23T10:40:44.397+05:30  WARN 33768 --- [placingorder] [restartedMain] trationDelegate$BeanPostProcessorChecker : Bean 'default.org.springframework.cloud.loadbalancer.config.LoadBalancerAutoConfiguration.LoadBalancerClientSpecification' of type [org.springframework.cloud.loadbalancer.annotation.LoadBalancerClientSpecification] is not eligible for getting processed by all BeanPostProcessors (for example: not eligible for auto-proxying). Is this bean getting eagerly injected into a currently created BeanPostProcessor [lbRestClientPostProcessor]? Check the corresponding BeanPostProcessor declaration and its dependencies.
2025-11-23T10:40:44.401+05:30  WARN 33768 --- [placingorder] [restartedMain] trationDelegate$BeanPostProcessorChecker : Bean 'default.org.springframework.cloud.loadbalancer.config.BlockingLoadBalancerClientAutoConfiguration.LoadBalancerClientSpecification' of type [org.springframework.cloud.loadbalancer.annotation.LoadBalancerClientSpecification] is not eligible for getting processed by all BeanPostProcessors (for example: not eligible for auto-proxying). Is this bean getting eagerly injected into a currently created BeanPostProcessor [lbRestClientPostProcessor]? Check the corresponding BeanPostProcessor declaration and its dependencies.
2025-11-23T10:40:44.401+05:30  WARN 33768 --- [placingorder] [restartedMain] trationDelegate$BeanPostProcessorChecker : Bean 'default.org.springframework.cloud.netflix.eureka.loadbalancer.LoadBalancerEurekaAutoConfiguration.LoadBalancerClientSpecification' of type [org.springframework.cloud.loadbalancer.annotation.LoadBalancerClientSpecification] is not eligible for getting processed by all BeanPostProcessors (for example: not eligible for auto-proxying). Is this bean getting eagerly injected into a currently created BeanPostProcessor [lbRestClientPostProcessor]? Check the corresponding BeanPostProcessor declaration and its dependencies.
2025-11-23T10:40:44.402+05:30  WARN 33768 --- [placingorder] [restartedMain] trationDelegate$BeanPostProcessorChecker : Bean 'loadBalancerClientFactory' of type [org.springframework.cloud.loadbalancer.support.LoadBalancerClientFactory] is not eligible for getting processed by all BeanPostProcessors (for example: not eligible for auto-proxying). Is this bean getting eagerly injected into a currently created BeanPostProcessor [lbRestClientPostProcessor]? Check the corresponding BeanPostProcessor declaration and its dependencies.
2025-11-23T10:40:44.411+05:30  WARN 33768 --- [placingorder] [restartedMain] trationDelegate$BeanPostProcessorChecker : Bean 'blockingLoadBalancerClient' of type [org.springframework.cloud.loadbalancer.blocking.client.BlockingLoadBalancerClient] is not eligible for getting processed by all BeanPostProcessors (for example: not eligible for auto-proxying). Is this bean getting eagerly injected into a currently created BeanPostProcessor [lbRestClientPostProcessor]? Check the corresponding BeanPostProcessor declaration and its dependencies.
2025-11-23T10:40:44.423+05:30  WARN 33768 --- [placingorder] [restartedMain] trationDelegate$BeanPostProcessorChecker : Bean 'loadBalancerServiceInstanceCookieTransformer' of type [org.springframework.cloud.loadbalancer.core.LoadBalancerServiceInstanceCookieTransformer] is not eligible for getting processed by all BeanPostProcessors (for example: not eligible for auto-proxying). Is this bean getting eagerly injected into a currently created BeanPostProcessor [lbRestClientPostProcessor]? Check the corresponding BeanPostProcessor declaration and its dependencies.
2025-11-23T10:40:44.427+05:30  WARN 33768 --- [placingorder] [restartedMain] trationDelegate$BeanPostProcessorChecker : Bean 'xForwarderHeadersTransformer' of type [org.springframework.cloud.loadbalancer.blocking.XForwardedHeadersTransformer] is not eligible for getting processed by all BeanPostProcessors (for example: not eligible for auto-proxying). Is this bean getting eagerly injected into a currently created BeanPostProcessor [lbRestClientPostProcessor]? Check the corresponding BeanPostProcessor declaration and its dependencies.
2025-11-23T10:40:44.429+05:30  WARN 33768 --- [placingorder] [restartedMain] trationDelegate$BeanPostProcessorChecker : Bean 'org.springframework.cloud.client.loadbalancer.LoadBalancerAutoConfiguration' of type [org.springframework.cloud.client.loadbalancer.LoadBalancerAutoConfiguration] is not eligible for getting processed by all BeanPostProcessors (for example: not eligible for auto-proxying). Is this bean getting eagerly injected into a currently created BeanPostProcessor [lbRestClientPostProcessor]? Check the corresponding BeanPostProcessor declaration and its dependencies.
2025-11-23T10:40:44.433+05:30  WARN 33768 --- [placingorder] [restartedMain] trationDelegate$BeanPostProcessorChecker : Bean 'loadBalancerRequestFactory' of type [org.springframework.cloud.client.loadbalancer.LoadBalancerRequestFactory] is not eligible for getting processed by all BeanPostProcessors (for example: not eligible for auto-proxying). Is this bean getting eagerly injected into a currently created BeanPostProcessor [lbRestClientPostProcessor]? Check the corresponding BeanPostProcessor declaration and its dependencies.
2025-11-23T10:40:44.435+05:30  WARN 33768 --- [placingorder] [restartedMain] trationDelegate$BeanPostProcessorChecker : Bean 'loadBalancerInterceptor' of type [org.springframework.cloud.client.loadbalancer.LoadBalancerInterceptor] is not eligible for getting processed by all BeanPostProcessors (for example: not eligible for auto-proxying). Is this bean getting eagerly injected into a currently created BeanPostProcessor [lbRestClientPostProcessor]? Check the corresponding BeanPostProcessor declaration and its dependencies.
2025-11-23T10:40:44.814+05:30  INFO 33768 --- [placingorder] [restartedMain] o.s.b.w.embedded.tomcat.TomcatWebServer  : Tomcat initialized with port 8083 (http)
2025-11-23T10:40:44.821+05:30  INFO 33768 --- [placingorder] [restartedMain] o.apache.catalina.core.StandardService   : Starting service [Tomcat]
2025-11-23T10:40:44.822+05:30  INFO 33768 --- [placingorder] [restartedMain] o.apache.catalina.core.StandardEngine    : Starting Servlet engine: [Apache Tomcat/10.1.16]
2025-11-23T10:40:44.881+05:30  INFO 33768 --- [placingorder] [restartedMain] o.a.c.c.C.[Tomcat].[localhost].[/]       : Initializing Spring embedded WebApplicationContext
2025-11-23T10:40:44.882+05:30  INFO 33768 --- [placingorder] [restartedMain] w.s.c.ServletWebServerApplicationContext : Root WebApplicationContext: initialization completed in 2660 ms
2025-11-23T10:40:45.027+05:30  INFO 33768 --- [placingorder] [restartedMain] com.zaxxer.hikari.HikariDataSource       : HikariPool-1 - Starting...
2025-11-23T10:40:45.327+05:30  INFO 33768 --- [placingorder] [restartedMain] com.zaxxer.hikari.pool.HikariPool        : HikariPool-1 - Added connection com.mysql.cj.jdbc.ConnectionImpl@5d11a782
2025-11-23T10:40:45.329+05:30  INFO 33768 --- [placingorder] [restartedMain] com.zaxxer.hikari.HikariDataSource       : HikariPool-1 - Start completed.
2025-11-23T10:40:45.336+05:30  INFO 33768 --- [placingorder] [restartedMain] o.s.b.a.h2.H2ConsoleAutoConfiguration    : H2 console available at '/h2-console'. Database available at 'jdbc:mysql://localhost:3306/orders'
2025-11-23T10:40:45.611+05:30  INFO 33768 --- [placingorder] [restartedMain] o.hibernate.jpa.internal.util.LogHelper  : HHH000204: Processing PersistenceUnitInfo [name: default]
2025-11-23T10:40:45.663+05:30  INFO 33768 --- [placingorder] [restartedMain] org.hibernate.Version                    : HHH000412: Hibernate ORM core version 6.3.1.Final
2025-11-23T10:40:45.696+05:30  INFO 33768 --- [placingorder] [restartedMain] o.h.c.internal.RegionFactoryInitiator    : HHH000026: Second-level cache disabled
2025-11-23T10:40:45.896+05:30  INFO 33768 --- [placingorder] [restartedMain] o.s.o.j.p.SpringPersistenceUnitInfo      : No LoadTimeWeaver setup: ignoring JPA class transformer
2025-11-23T10:40:46.041+05:30  WARN 33768 --- [placingorder] [restartedMain] org.hibernate.orm.deprecation            : HHH90000025: MySQLDialect does not need to be specified explicitly using 'hibernate.dialect' (remove the property setting and it will be selected by default)
2025-11-23T10:40:46.913+05:30  INFO 33768 --- [placingorder] [restartedMain] o.h.e.t.j.p.i.JtaPlatformInitiator       : HHH000489: No JTA platform available (set 'hibernate.transaction.jta.platform' to enable JTA platform integration)
2025-11-23T10:40:47.036+05:30  INFO 33768 --- [placingorder] [restartedMain] j.LocalContainerEntityManagerFactoryBean : Initialized JPA EntityManagerFactory for persistence unit 'default'
2025-11-23T10:40:47.621+05:30  WARN 33768 --- [placingorder] [restartedMain] o.s.b.d.a.OptionalLiveReloadServer       : Unable to start LiveReload server
2025-11-23T10:40:49.863+05:30  WARN 33768 --- [placingorder] [restartedMain] iguration$LoadBalancerCaffeineWarnLogger : Spring Cloud LoadBalancer is currently working with the default cache. While this cache implementation is useful for development and tests, it's recommended to use Caffeine cache in production.You can switch to using Caffeine cache, by adding it and org.springframework.cache.caffeine.CaffeineCacheManager to the classpath.
2025-11-23T10:40:49.894+05:30  INFO 33768 --- [placingorder] [restartedMain] o.s.b.a.e.web.EndpointLinksResolver      : Exposing 3 endpoint(s) beneath base path '/actuator'
2025-11-23T10:40:50.272+05:30  INFO 33768 --- [placingorder] [restartedMain] o.s.b.w.embedded.tomcat.TomcatWebServer  : Tomcat started on port 8083 (http) with context path ''
2025-11-23T10:40:50.303+05:30  INFO 33768 --- [placingorder] [restartedMain] com.cts.PlacingOrderApplication          : Started PlacingOrderApplication in 9.28 seconds (process running for 10.274)
2025-11-23T10:40:51.003+05:30  INFO 33768 --- [placingorder] [RMI TCP Connection(10)-127.0.0.1] o.a.c.c.C.[Tomcat].[localhost].[/]       : Initializing Spring DispatcherServlet 'dispatcherServlet'
2025-11-23T10:40:51.003+05:30  INFO 33768 --- [placingorder] [RMI TCP Connection(10)-127.0.0.1] o.s.web.servlet.DispatcherServlet        : Initializing Servlet 'dispatcherServlet'
2025-11-23T10:40:51.005+05:30  INFO 33768 --- [placingorder] [RMI TCP Connection(10)-127.0.0.1] o.s.web.servlet.DispatcherServlet        : Completed initialization in 2 ms
2025-11-23T10:42:10.813+05:30  INFO 33768 --- [placingorder] [http-nio-8083-exec-1] c.c.logging.config.RequestLoggingFilter  : Incoming Request: method=POST, uri=/api/orders
2025-11-23T10:42:10.869+05:30  INFO 33768 --- [placingorder] [http-nio-8083-exec-1] com.cts.controller.OrderController       : 📝 Creating new order for customer: 334
2025-11-23T10:42:11.421+05:30  INFO 33768 --- [placingorder] [http-nio-8083-exec-1] com.cts.service.OrderServiceImpl         : ✅ Order saved with ID: 47, Status: PLACED
2025-11-23T10:42:11.471+05:30  INFO 33768 --- [placingorder] [http-nio-8083-exec-1] com.cts.controller.OrderController       : ✅ Order created successfully:
2025-11-23T10:42:11.472+05:30  INFO 33768 --- [placingorder] [http-nio-8083-exec-1] com.cts.controller.OrderController       :    Order ID: 47
2025-11-23T10:42:11.473+05:30  INFO 33768 --- [placingorder] [http-nio-8083-exec-1] com.cts.controller.OrderController       :    Status: PLACED
2025-11-23T10:42:11.473+05:30  INFO 33768 --- [placingorder] [http-nio-8083-exec-1] com.cts.controller.OrderController       :    Amount: 116.0
2025-11-23T10:42:11.532+05:30  INFO 33768 --- [placingorder] [http-nio-8083-exec-1] c.c.l.config.ResponseLoggingFilter       : Outgoing Response: status=201
2025-11-23T10:42:17.226+05:30  INFO 33768 --- [placingorder] [http-nio-8083-exec-3] c.c.logging.config.RequestLoggingFilter  : Incoming Request: method=GET, uri=/api/orders
2025-11-23T10:42:17.228+05:30  INFO 33768 --- [placingorder] [http-nio-8083-exec-3] com.cts.controller.OrderController       : 📋 Fetching all orders
2025-11-23T10:42:17.236+05:30  INFO 33768 --- [placingorder] [http-nio-8083-exec-3] com.cts.service.OrderServiceImpl         : Fetching all orders from repository
2025-11-23T10:42:17.638+05:30  INFO 33768 --- [placingorder] [http-nio-8083-exec-3] com.cts.controller.OrderController       : ✅ Retrieved 20 orders
2025-11-23T10:42:17.644+05:30  INFO 33768 --- [placingorder] [http-nio-8083-exec-3] c.c.l.config.ResponseLoggingFilter       : Outgoing Response: status=200
2025-11-23T10:42:56.187+05:30  INFO 33768 --- [placingorder] [http-nio-8083-exec-4] c.c.logging.config.RequestLoggingFilter  : Incoming Request: method=PUT, uri=/api/orders/47/update-status
2025-11-23T10:42:56.197+05:30  INFO 33768 --- [placingorder] [http-nio-8083-exec-4] com.cts.controller.OrderController       : 🔔 ╔════════════════════════════════════════╗
2025-11-23T10:42:56.197+05:30  INFO 33768 --- [placingorder] [http-nio-8083-exec-4] com.cts.controller.OrderController       : 🔔 ║  SAGA CALLBACK from Payment Service   ║
2025-11-23T10:42:56.197+05:30  INFO 33768 --- [placingorder] [http-nio-8083-exec-4] com.cts.controller.OrderController       : 🔔 ║  Order ID: 47
2025-11-23T10:42:56.198+05:30  INFO 33768 --- [placingorder] [http-nio-8083-exec-4] com.cts.controller.OrderController       : 🔔 ║  Payment Status: SUCCESS
2025-11-23T10:42:56.198+05:30  INFO 33768 --- [placingorder] [http-nio-8083-exec-4] com.cts.controller.OrderController       : 🔔 ╚════════════════════════════════════════╝
2025-11-23T10:42:56.198+05:30  INFO 33768 --- [placingorder] [http-nio-8083-exec-4] com.cts.controller.OrderController       : 📝 Updating order 47 status based on payment status: SUCCESS
2025-11-23T10:42:56.199+05:30  INFO 33768 --- [placingorder] [http-nio-8083-exec-4] com.cts.service.OrderServiceImpl         : 🔔 Auto-updating order: 47, paymentStatus: SUCCESS
2025-11-23T10:42:56.214+05:30  INFO 33768 --- [placingorder] [http-nio-8083-exec-4] com.cts.service.OrderServiceImpl         : ✅ Payment SUCCESS → Updating order status to CONFIRMED
2025-11-23T10:42:56.221+05:30  INFO 33768 --- [placingorder] [http-nio-8083-exec-4] com.cts.service.OrderServiceImpl         : ✅ Order 47 status updated: PLACED → CONFIRMED
2025-11-23T10:42:56.268+05:30  INFO 33768 --- [placingorder] [http-nio-8083-exec-4] com.cts.controller.OrderController       : ✅ ╔════════════════════════════════════════╗
2025-11-23T10:42:56.268+05:30  INFO 33768 --- [placingorder] [http-nio-8083-exec-4] com.cts.controller.OrderController       : ✅ ║  Order Status Updated Successfully     ║
2025-11-23T10:42:56.268+05:30  INFO 33768 --- [placingorder] [http-nio-8083-exec-4] com.cts.controller.OrderController       : ✅ ║  Order ID: 47
2025-11-23T10:42:56.269+05:30  INFO 33768 --- [placingorder] [http-nio-8083-exec-4] com.cts.controller.OrderController       : ✅ ║  New Status: CONFIRMED
2025-11-23T10:42:56.269+05:30  INFO 33768 --- [placingorder] [http-nio-8083-exec-4] com.cts.controller.OrderController       : ✅ ╚════════════════════════════════════════╝
2025-11-23T10:42:56.272+05:30  INFO 33768 --- [placingorder] [http-nio-8083-exec-4] c.c.l.config.ResponseLoggingFilter       : Outgoing Response: status=200
2025-11-23T10:43:07.499+05:30  INFO 33768 --- [placingorder] [http-nio-8083-exec-5] c.c.logging.config.RequestLoggingFilter  : Incoming Request: method=GET, uri=/api/orders
2025-11-23T10:43:07.502+05:30  INFO 33768 --- [placingorder] [http-nio-8083-exec-5] com.cts.controller.OrderController       : 📋 Fetching all orders
2025-11-23T10:43:07.508+05:30  INFO 33768 --- [placingorder] [http-nio-8083-exec-5] com.cts.service.OrderServiceImpl         : Fetching all orders from repository
2025-11-23T10:43:07.664+05:30  INFO 33768 --- [placingorder] [http-nio-8083-exec-5] com.cts.controller.OrderController       : ✅ Retrieved 20 orders
2025-11-23T10:43:07.672+05:30  INFO 33768 --- [placingorder] [http-nio-8083-exec-5] c.c.l.config.ResponseLoggingFilter       : Outgoing Response: status=200
2025-11-23T10:43:59.394+05:30  INFO 33768 --- [placingorder] [http-nio-8083-exec-6] c.c.logging.config.RequestLoggingFilter  : Incoming Request: method=PUT, uri=/api/orders/47/update-status
2025-11-23T10:43:59.396+05:30  INFO 33768 --- [placingorder] [http-nio-8083-exec-6] com.cts.controller.OrderController       : 🔔 ╔════════════════════════════════════════╗
2025-11-23T10:43:59.396+05:30  INFO 33768 --- [placingorder] [http-nio-8083-exec-6] com.cts.controller.OrderController       : 🔔 ║  SAGA CALLBACK from Payment Service   ║
2025-11-23T10:43:59.397+05:30  INFO 33768 --- [placingorder] [http-nio-8083-exec-6] com.cts.controller.OrderController       : 🔔 ║  Order ID: 47
2025-11-23T10:43:59.397+05:30  INFO 33768 --- [placingorder] [http-nio-8083-exec-6] com.cts.controller.OrderController       : 🔔 ║  Payment Status: REFUNDED
2025-11-23T10:43:59.397+05:30  INFO 33768 --- [placingorder] [http-nio-8083-exec-6] com.cts.controller.OrderController       : 🔔 ╚════════════════════════════════════════╝
2025-11-23T10:43:59.397+05:30  INFO 33768 --- [placingorder] [http-nio-8083-exec-6] com.cts.controller.OrderController       : 📝 Updating order 47 status based on payment status: REFUNDED
2025-11-23T10:43:59.399+05:30  INFO 33768 --- [placingorder] [http-nio-8083-exec-6] com.cts.service.OrderServiceImpl         : 🔔 Auto-updating order: 47, paymentStatus: REFUNDED
2025-11-23T10:43:59.402+05:30  INFO 33768 --- [placingorder] [http-nio-8083-exec-6] com.cts.service.OrderServiceImpl         : 🔄 Payment REFUNDED → Updating order status to CANCELLED
2025-11-23T10:43:59.403+05:30  INFO 33768 --- [placingorder] [http-nio-8083-exec-6] com.cts.service.OrderServiceImpl         : ✅ Order 47 status updated: CONFIRMED → CANCELLED
2025-11-23T10:43:59.410+05:30  INFO 33768 --- [placingorder] [http-nio-8083-exec-6] com.cts.controller.OrderController       : ✅ ╔════════════════════════════════════════╗
2025-11-23T10:43:59.410+05:30  INFO 33768 --- [placingorder] [http-nio-8083-exec-6] com.cts.controller.OrderController       : ✅ ║  Order Status Updated Successfully     ║
2025-11-23T10:43:59.410+05:30  INFO 33768 --- [placingorder] [http-nio-8083-exec-6] com.cts.controller.OrderController       : ✅ ║  Order ID: 47
2025-11-23T10:43:59.410+05:30  INFO 33768 --- [placingorder] [http-nio-8083-exec-6] com.cts.controller.OrderController       : ✅ ║  New Status: CANCELLED
2025-11-23T10:43:59.410+05:30  INFO 33768 --- [placingorder] [http-nio-8083-exec-6] com.cts.controller.OrderController       : ✅ ╚════════════════════════════════════════╝
2025-11-23T10:43:59.412+05:30  INFO 33768 --- [placingorder] [http-nio-8083-exec-6] c.c.l.config.ResponseLoggingFilter       : Outgoing Response: status=200
2025-11-23T10:44:07.707+05:30  INFO 33768 --- [placingorder] [http-nio-8083-exec-8] c.c.logging.config.RequestLoggingFilter  : Incoming Request: method=GET, uri=/api/orders
2025-11-23T10:44:07.709+05:30  INFO 33768 --- [placingorder] [http-nio-8083-exec-8] com.cts.controller.OrderController       : 📋 Fetching all orders
2025-11-23T10:44:07.712+05:30  INFO 33768 --- [placingorder] [http-nio-8083-exec-8] com.cts.service.OrderServiceImpl         : Fetching all orders from repository
2025-11-23T10:44:07.782+05:30  INFO 33768 --- [placingorder] [http-nio-8083-exec-8] com.cts.controller.OrderController       : ✅ Retrieved 20 orders
2025-11-23T10:44:07.787+05:30  INFO 33768 --- [placingorder] [http-nio-8083-exec-8] c.c.l.config.ResponseLoggingFilter       : Outgoing Response: status=200
2025-11-23T10:45:04.544+05:30  INFO 33768 --- [placingorder] [http-nio-8083-exec-9] c.c.logging.config.RequestLoggingFilter  : Incoming Request: method=POST, uri=/api/orders
2025-11-23T10:45:04.546+05:30  INFO 33768 --- [placingorder] [http-nio-8083-exec-9] com.cts.controller.OrderController       : 📝 Creating new order for customer: 334
2025-11-23T10:45:04.595+05:30  INFO 33768 --- [placingorder] [http-nio-8083-exec-9] com.cts.service.OrderServiceImpl         : ✅ Order saved with ID: 48, Status: PLACED
2025-11-23T10:45:04.604+05:30  INFO 33768 --- [placingorder] [http-nio-8083-exec-9] com.cts.controller.OrderController       : ✅ Order created successfully:
2025-11-23T10:45:04.604+05:30  INFO 33768 --- [placingorder] [http-nio-8083-exec-9] com.cts.controller.OrderController       :    Order ID: 48
2025-11-23T10:45:04.605+05:30  INFO 33768 --- [placingorder] [http-nio-8083-exec-9] com.cts.controller.OrderController       :    Status: PLACED
2025-11-23T10:45:04.605+05:30  INFO 33768 --- [placingorder] [http-nio-8083-exec-9] com.cts.controller.OrderController       :    Amount: 116.0
2025-11-23T10:45:04.606+05:30  INFO 33768 --- [placingorder] [http-nio-8083-exec-9] c.c.l.config.ResponseLoggingFilter       : Outgoing Response: status=201
2025-11-23T10:45:30.769+05:30  INFO 33768 --- [placingorder] [http-nio-8083-exec-2] c.c.logging.config.RequestLoggingFilter  : Incoming Request: method=PUT, uri=/api/orders/48/update-status
2025-11-23T10:45:30.770+05:30  INFO 33768 --- [placingorder] [http-nio-8083-exec-2] com.cts.controller.OrderController       : 🔔 ╔════════════════════════════════════════╗
2025-11-23T10:45:30.770+05:30  INFO 33768 --- [placingorder] [http-nio-8083-exec-2] com.cts.controller.OrderController       : 🔔 ║  SAGA CALLBACK from Payment Service   ║
2025-11-23T10:45:30.770+05:30  INFO 33768 --- [placingorder] [http-nio-8083-exec-2] com.cts.controller.OrderController       : 🔔 ║  Order ID: 48
2025-11-23T10:45:30.770+05:30  INFO 33768 --- [placingorder] [http-nio-8083-exec-2] com.cts.controller.OrderController       : 🔔 ║  Payment Status: SUCCESS
2025-11-23T10:45:30.770+05:30  INFO 33768 --- [placingorder] [http-nio-8083-exec-2] com.cts.controller.OrderController       : 🔔 ╚════════════════════════════════════════╝
2025-11-23T10:45:30.770+05:30  INFO 33768 --- [placingorder] [http-nio-8083-exec-2] com.cts.controller.OrderController       : 📝 Updating order 48 status based on payment status: SUCCESS
2025-11-23T10:45:30.772+05:30  INFO 33768 --- [placingorder] [http-nio-8083-exec-2] com.cts.service.OrderServiceImpl         : 🔔 Auto-updating order: 48, paymentStatus: SUCCESS
2025-11-23T10:45:30.775+05:30  INFO 33768 --- [placingorder] [http-nio-8083-exec-2] com.cts.service.OrderServiceImpl         : ✅ Payment SUCCESS → Updating order status to CONFIRMED
2025-11-23T10:45:30.776+05:30  INFO 33768 --- [placingorder] [http-nio-8083-exec-2] com.cts.service.OrderServiceImpl         : ✅ Order 48 status updated: PLACED → CONFIRMED
2025-11-23T10:45:30.784+05:30  INFO 33768 --- [placingorder] [http-nio-8083-exec-2] com.cts.controller.OrderController       : ✅ ╔════════════════════════════════════════╗
2025-11-23T10:45:30.784+05:30  INFO 33768 --- [placingorder] [http-nio-8083-exec-2] com.cts.controller.OrderController       : ✅ ║  Order Status Updated Successfully     ║
2025-11-23T10:45:30.784+05:30  INFO 33768 --- [placingorder] [http-nio-8083-exec-2] com.cts.controller.OrderController       : ✅ ║  Order ID: 48
2025-11-23T10:45:30.784+05:30  INFO 33768 --- [placingorder] [http-nio-8083-exec-2] com.cts.controller.OrderController       : ✅ ║  New Status: CONFIRMED
2025-11-23T10:45:30.784+05:30  INFO 33768 --- [placingorder] [http-nio-8083-exec-2] com.cts.controller.OrderController       : ✅ ╚════════════════════════════════════════╝
2025-11-23T10:45:30.785+05:30  INFO 33768 --- [placingorder] [http-nio-8083-exec-2] c.c.l.config.ResponseLoggingFilter       : Outgoing Response: status=200
2025-11-23T10:45:38.721+05:30  INFO 33768 --- [placingorder] [http-nio-8083-exec-1] c.c.logging.config.RequestLoggingFilter  : Incoming Request: method=GET, uri=/api/orders
2025-11-23T10:45:38.722+05:30  INFO 33768 --- [placingorder] [http-nio-8083-exec-1] com.cts.controller.OrderController       : 📋 Fetching all orders
2025-11-23T10:45:38.725+05:30  INFO 33768 --- [placingorder] [http-nio-8083-exec-1] com.cts.service.OrderServiceImpl         : Fetching all orders from repository
2025-11-23T10:45:38.767+05:30  INFO 33768 --- [placingorder] [http-nio-8083-exec-1] com.cts.controller.OrderController       : ✅ Retrieved 21 orders
2025-11-23T10:45:38.770+05:30  INFO 33768 --- [placingorder] [http-nio-8083-exec-1] c.c.l.config.ResponseLoggingFilter       : Outgoing Response: status=200
2025-11-23T10:47:13.156+05:30  INFO 33768 --- [placingorder] [http-nio-8083-exec-7] c.c.logging.config.RequestLoggingFilter  : Incoming Request: method=POST, uri=/api/orders
2025-11-23T10:47:13.158+05:30  INFO 33768 --- [placingorder] [http-nio-8083-exec-7] com.cts.controller.OrderController       : 📝 Creating new order for customer: 334
2025-11-23T10:47:13.189+05:30  INFO 33768 --- [placingorder] [http-nio-8083-exec-7] com.cts.service.OrderServiceImpl         : ✅ Order saved with ID: 49, Status: PLACED
2025-11-23T10:47:13.196+05:30  INFO 33768 --- [placingorder] [http-nio-8083-exec-7] com.cts.controller.OrderController       : ✅ Order created successfully:
2025-11-23T10:47:13.197+05:30  INFO 33768 --- [placingorder] [http-nio-8083-exec-7] com.cts.controller.OrderController       :    Order ID: 49
2025-11-23T10:47:13.197+05:30  INFO 33768 --- [placingorder] [http-nio-8083-exec-7] com.cts.controller.OrderController       :    Status: PLACED
2025-11-23T10:47:13.197+05:30  INFO 33768 --- [placingorder] [http-nio-8083-exec-7] com.cts.controller.OrderController       :    Amount: 116.0
2025-11-23T10:47:13.198+05:30  INFO 33768 --- [placingorder] [http-nio-8083-exec-7] c.c.l.config.ResponseLoggingFilter       : Outgoing Response: status=201
2025-11-23T11:15:28.190+05:30  WARN 33768 --- [placingorder] [HikariPool-1 housekeeper] com.zaxxer.hikari.pool.HikariPool        : HikariPool-1 - Thread starvation or clock leap detected (housekeeper delta=5m42s285ms854µs700ns).
2025-11-23T11:22:30.548+05:30  INFO 33768 --- [placingorder] [RMI TCP Connection(54)-127.0.0.1] inMXBeanRegistrar$SpringApplicationAdmin : Application shutdown requested.
2025-11-23T11:22:30.720+05:30  INFO 33768 --- [placingorder] [RMI TCP Connection(54)-127.0.0.1] j.LocalContainerEntityManagerFactoryBean : Closing JPA EntityManagerFactory for persistence unit 'default'
2025-11-23T11:22:30.785+05:30  INFO 33768 --- [placingorder] [RMI TCP Connection(54)-127.0.0.1] com.zaxxer.hikari.HikariDataSource       : HikariPool-1 - Shutdown initiated...
2025-11-23T11:22:30.797+05:30  INFO 33768 --- [placingorder] [RMI TCP Connection(54)-127.0.0.1] com.zaxxer.hikari.HikariDataSource       : HikariPool-1 - Shutdown completed.
2025-11-23T11:22:42.269+05:30  INFO 15824 --- [placingorder] [restartedMain] com.cts.PlacingOrderApplication          : Starting PlacingOrderApplication using Java 21.0.7 with PID 15824 (C:\Users\2397859\Downloads\PlacingOrder 18\PlacingOrder\target\classes started by 2397859 in C:\Users\2397859\Downloads\PlacingOrder 18\PlacingOrder)
2025-11-23T11:22:42.270+05:30 DEBUG 15824 --- [placingorder] [restartedMain] com.cts.PlacingOrderApplication          : Running with Spring Boot v3.2.0, Spring v6.1.1
2025-11-23T11:22:42.270+05:30  INFO 15824 --- [placingorder] [restartedMain] com.cts.PlacingOrderApplication          : No active profile set, falling back to 1 default profile: "default"
2025-11-23T11:22:42.340+05:30  INFO 15824 --- [placingorder] [restartedMain] .e.DevToolsPropertyDefaultsPostProcessor : Devtools property defaults active! Set 'spring.devtools.add-properties' to 'false' to disable
2025-11-23T11:22:42.340+05:30  INFO 15824 --- [placingorder] [restartedMain] .e.DevToolsPropertyDefaultsPostProcessor : For additional web related logging consider setting the 'logging.level.web' property to 'DEBUG'
2025-11-23T11:22:44.073+05:30  INFO 15824 --- [placingorder] [restartedMain] .s.d.r.c.RepositoryConfigurationDelegate : Bootstrapping Spring Data JPA repositories in DEFAULT mode.
2025-11-23T11:22:44.208+05:30  INFO 15824 --- [placingorder] [restartedMain] .s.d.r.c.RepositoryConfigurationDelegate : Finished Spring Data repository scanning in 127 ms. Found 1 JPA repository interface.
2025-11-23T11:22:44.959+05:30  WARN 15824 --- [placingorder] [restartedMain] trationDelegate$BeanPostProcessorChecker : Bean 'org.springframework.cloud.client.loadbalancer.LoadBalancerAutoConfiguration$LoadBalancerInterceptorConfig' of type [org.springframework.cloud.client.loadbalancer.LoadBalancerAutoConfiguration$LoadBalancerInterceptorConfig] is not eligible for getting processed by all BeanPostProcessors (for example: not eligible for auto-proxying). The currently created BeanPostProcessor [lbRestClientPostProcessor] is declared through a non-static factory method on that class; consider declaring it as static instead.
2025-11-23T11:22:44.971+05:30  WARN 15824 --- [placingorder] [restartedMain] trationDelegate$BeanPostProcessorChecker : Bean 'org.springframework.cloud.loadbalancer.config.BlockingLoadBalancerClientAutoConfiguration' of type [org.springframework.cloud.loadbalancer.config.BlockingLoadBalancerClientAutoConfiguration] is not eligible for getting processed by all BeanPostProcessors (for example: not eligible for auto-proxying). Is this bean getting eagerly injected into a currently created BeanPostProcessor [lbRestClientPostProcessor]? Check the corresponding BeanPostProcessor declaration and its dependencies.
2025-11-23T11:22:44.974+05:30  WARN 15824 --- [placingorder] [restartedMain] trationDelegate$BeanPostProcessorChecker : Bean 'org.springframework.cloud.loadbalancer.config.LoadBalancerAutoConfiguration' of type [org.springframework.cloud.loadbalancer.config.LoadBalancerAutoConfiguration] is not eligible for getting processed by all BeanPostProcessors (for example: not eligible for auto-proxying). Is this bean getting eagerly injected into a currently created BeanPostProcessor [lbRestClientPostProcessor]? Check the corresponding BeanPostProcessor declaration and its dependencies.
2025-11-23T11:22:44.989+05:30  WARN 15824 --- [placingorder] [restartedMain] trationDelegate$BeanPostProcessorChecker : Bean 'org.springframework.cloud.commons.config.CommonsConfigAutoConfiguration' of type [org.springframework.cloud.commons.config.CommonsConfigAutoConfiguration] is not eligible for getting processed by all BeanPostProcessors (for example: not eligible for auto-proxying). Is this bean getting eagerly injected into a currently created BeanPostProcessor [lbRestClientPostProcessor]? Check the corresponding BeanPostProcessor declaration and its dependencies.
2025-11-23T11:22:44.993+05:30  WARN 15824 --- [placingorder] [restartedMain] trationDelegate$BeanPostProcessorChecker : Bean 'org.springframework.cloud.client.loadbalancer.LoadBalancerDefaultMappingsProviderAutoConfiguration' of type [org.springframework.cloud.client.loadbalancer.LoadBalancerDefaultMappingsProviderAutoConfiguration] is not eligible for getting processed by all BeanPostProcessors (for example: not eligible for auto-proxying). Is this bean getting eagerly injected into a currently created BeanPostProcessor [lbRestClientPostProcessor]? Check the corresponding BeanPostProcessor declaration and its dependencies.
2025-11-23T11:22:44.998+05:30  WARN 15824 --- [placingorder] [restartedMain] trationDelegate$BeanPostProcessorChecker : Bean 'loadBalancerClientsDefaultsMappingsProvider' of type [org.springframework.cloud.client.loadbalancer.LoadBalancerDefaultMappingsProviderAutoConfiguration$$Lambda/0x00000191a65d1528] is not eligible for getting processed by all BeanPostProcessors (for example: not eligible for auto-proxying). Is this bean getting eagerly injected into a currently created BeanPostProcessor [lbRestClientPostProcessor]? Check the corresponding BeanPostProcessor declaration and its dependencies.
2025-11-23T11:22:45.004+05:30  WARN 15824 --- [placingorder] [restartedMain] trationDelegate$BeanPostProcessorChecker : Bean 'defaultsBindHandlerAdvisor' of type [org.springframework.cloud.commons.config.DefaultsBindHandlerAdvisor] is not eligible for getting processed by all BeanPostProcessors (for example: not eligible for auto-proxying). Is this bean getting eagerly injected into a currently created BeanPostProcessor [lbRestClientPostProcessor]? Check the corresponding BeanPostProcessor declaration and its dependencies.
2025-11-23T11:22:45.011+05:30  WARN 15824 --- [placingorder] [restartedMain] trationDelegate$BeanPostProcessorChecker : Bean 'spring.cloud.loadbalancer-org.springframework.cloud.client.loadbalancer.LoadBalancerClientsProperties' of type [org.springframework.cloud.client.loadbalancer.LoadBalancerClientsProperties] is not eligible for getting processed by all BeanPostProcessors (for example: not eligible for auto-proxying). Is this bean getting eagerly injected into a currently created BeanPostProcessor [lbRestClientPostProcessor]? Check the corresponding BeanPostProcessor declaration and its dependencies.
2025-11-23T11:22:45.022+05:30  WARN 15824 --- [placingorder] [restartedMain] trationDelegate$BeanPostProcessorChecker : Bean 'default.org.springframework.cloud.loadbalancer.config.LoadBalancerAutoConfiguration.LoadBalancerClientSpecification' of type [org.springframework.cloud.loadbalancer.annotation.LoadBalancerClientSpecification] is not eligible for getting processed by all BeanPostProcessors (for example: not eligible for auto-proxying). Is this bean getting eagerly injected into a currently created BeanPostProcessor [lbRestClientPostProcessor]? Check the corresponding BeanPostProcessor declaration and its dependencies.
2025-11-23T11:22:45.026+05:30  WARN 15824 --- [placingorder] [restartedMain] trationDelegate$BeanPostProcessorChecker : Bean 'default.org.springframework.cloud.loadbalancer.config.BlockingLoadBalancerClientAutoConfiguration.LoadBalancerClientSpecification' of type [org.springframework.cloud.loadbalancer.annotation.LoadBalancerClientSpecification] is not eligible for getting processed by all BeanPostProcessors (for example: not eligible for auto-proxying). Is this bean getting eagerly injected into a currently created BeanPostProcessor [lbRestClientPostProcessor]? Check the corresponding BeanPostProcessor declaration and its dependencies.
2025-11-23T11:22:45.026+05:30  WARN 15824 --- [placingorder] [restartedMain] trationDelegate$BeanPostProcessorChecker : Bean 'default.org.springframework.cloud.netflix.eureka.loadbalancer.LoadBalancerEurekaAutoConfiguration.LoadBalancerClientSpecification' of type [org.springframework.cloud.loadbalancer.annotation.LoadBalancerClientSpecification] is not eligible for getting processed by all BeanPostProcessors (for example: not eligible for auto-proxying). Is this bean getting eagerly injected into a currently created BeanPostProcessor [lbRestClientPostProcessor]? Check the corresponding BeanPostProcessor declaration and its dependencies.
2025-11-23T11:22:45.027+05:30  WARN 15824 --- [placingorder] [restartedMain] trationDelegate$BeanPostProcessorChecker : Bean 'loadBalancerClientFactory' of type [org.springframework.cloud.loadbalancer.support.LoadBalancerClientFactory] is not eligible for getting processed by all BeanPostProcessors (for example: not eligible for auto-proxying). Is this bean getting eagerly injected into a currently created BeanPostProcessor [lbRestClientPostProcessor]? Check the corresponding BeanPostProcessor declaration and its dependencies.
2025-11-23T11:22:45.036+05:30  WARN 15824 --- [placingorder] [restartedMain] trationDelegate$BeanPostProcessorChecker : Bean 'blockingLoadBalancerClient' of type [org.springframework.cloud.loadbalancer.blocking.client.BlockingLoadBalancerClient] is not eligible for getting processed by all BeanPostProcessors (for example: not eligible for auto-proxying). Is this bean getting eagerly injected into a currently created BeanPostProcessor [lbRestClientPostProcessor]? Check the corresponding BeanPostProcessor declaration and its dependencies.
2025-11-23T11:22:45.052+05:30  WARN 15824 --- [placingorder] [restartedMain] trationDelegate$BeanPostProcessorChecker : Bean 'loadBalancerServiceInstanceCookieTransformer' of type [org.springframework.cloud.loadbalancer.core.LoadBalancerServiceInstanceCookieTransformer] is not eligible for getting processed by all BeanPostProcessors (for example: not eligible for auto-proxying). Is this bean getting eagerly injected into a currently created BeanPostProcessor [lbRestClientPostProcessor]? Check the corresponding BeanPostProcessor declaration and its dependencies.
2025-11-23T11:22:45.056+05:30  WARN 15824 --- [placingorder] [restartedMain] trationDelegate$BeanPostProcessorChecker : Bean 'xForwarderHeadersTransformer' of type [org.springframework.cloud.loadbalancer.blocking.XForwardedHeadersTransformer] is not eligible for getting processed by all BeanPostProcessors (for example: not eligible for auto-proxying). Is this bean getting eagerly injected into a currently created BeanPostProcessor [lbRestClientPostProcessor]? Check the corresponding BeanPostProcessor declaration and its dependencies.
2025-11-23T11:22:45.060+05:30  WARN 15824 --- [placingorder] [restartedMain] trationDelegate$BeanPostProcessorChecker : Bean 'org.springframework.cloud.client.loadbalancer.LoadBalancerAutoConfiguration' of type [org.springframework.cloud.client.loadbalancer.LoadBalancerAutoConfiguration] is not eligible for getting processed by all BeanPostProcessors (for example: not eligible for auto-proxying). Is this bean getting eagerly injected into a currently created BeanPostProcessor [lbRestClientPostProcessor]? Check the corresponding BeanPostProcessor declaration and its dependencies.
2025-11-23T11:22:45.068+05:30  WARN 15824 --- [placingorder] [restartedMain] trationDelegate$BeanPostProcessorChecker : Bean 'loadBalancerRequestFactory' of type [org.springframework.cloud.client.loadbalancer.LoadBalancerRequestFactory] is not eligible for getting processed by all BeanPostProcessors (for example: not eligible for auto-proxying). Is this bean getting eagerly injected into a currently created BeanPostProcessor [lbRestClientPostProcessor]? Check the corresponding BeanPostProcessor declaration and its dependencies.
2025-11-23T11:22:45.070+05:30  WARN 15824 --- [placingorder] [restartedMain] trationDelegate$BeanPostProcessorChecker : Bean 'loadBalancerInterceptor' of type [org.springframework.cloud.client.loadbalancer.LoadBalancerInterceptor] is not eligible for getting processed by all BeanPostProcessors (for example: not eligible for auto-proxying). Is this bean getting eagerly injected into a currently created BeanPostProcessor [lbRestClientPostProcessor]? Check the corresponding BeanPostProcessor declaration and its dependencies.
2025-11-23T11:22:45.558+05:30  INFO 15824 --- [placingorder] [restartedMain] o.s.b.w.embedded.tomcat.TomcatWebServer  : Tomcat initialized with port 8083 (http)
2025-11-23T11:22:45.571+05:30  INFO 15824 --- [placingorder] [restartedMain] o.apache.catalina.core.StandardService   : Starting service [Tomcat]
2025-11-23T11:22:45.571+05:30  INFO 15824 --- [placingorder] [restartedMain] o.apache.catalina.core.StandardEngine    : Starting Servlet engine: [Apache Tomcat/10.1.16]
2025-11-23T11:22:45.712+05:30  INFO 15824 --- [placingorder] [restartedMain] o.a.c.c.C.[Tomcat].[localhost].[/]       : Initializing Spring embedded WebApplicationContext
2025-11-23T11:22:45.712+05:30  INFO 15824 --- [placingorder] [restartedMain] w.s.c.ServletWebServerApplicationContext : Root WebApplicationContext: initialization completed in 3371 ms
2025-11-23T11:22:45.863+05:30  INFO 15824 --- [placingorder] [restartedMain] com.zaxxer.hikari.HikariDataSource       : HikariPool-1 - Starting...
2025-11-23T11:22:46.260+05:30  INFO 15824 --- [placingorder] [restartedMain] com.zaxxer.hikari.pool.HikariPool        : HikariPool-1 - Added connection com.mysql.cj.jdbc.ConnectionImpl@37ea8532
2025-11-23T11:22:46.262+05:30  INFO 15824 --- [placingorder] [restartedMain] com.zaxxer.hikari.HikariDataSource       : HikariPool-1 - Start completed.
2025-11-23T11:22:46.274+05:30  INFO 15824 --- [placingorder] [restartedMain] o.s.b.a.h2.H2ConsoleAutoConfiguration    : H2 console available at '/h2-console'. Database available at 'jdbc:mysql://localhost:3306/orders'
2025-11-23T11:22:46.595+05:30  INFO 15824 --- [placingorder] [restartedMain] o.hibernate.jpa.internal.util.LogHelper  : HHH000204: Processing PersistenceUnitInfo [name: default]
2025-11-23T11:22:46.690+05:30  INFO 15824 --- [placingorder] [restartedMain] org.hibernate.Version                    : HHH000412: Hibernate ORM core version 6.3.1.Final
2025-11-23T11:22:46.739+05:30  INFO 15824 --- [placingorder] [restartedMain] o.h.c.internal.RegionFactoryInitiator    : HHH000026: Second-level cache disabled
2025-11-23T11:22:47.049+05:30  INFO 15824 --- [placingorder] [restartedMain] o.s.o.j.p.SpringPersistenceUnitInfo      : No LoadTimeWeaver setup: ignoring JPA class transformer
2025-11-23T11:22:47.193+05:30  WARN 15824 --- [placingorder] [restartedMain] org.hibernate.orm.deprecation            : HHH90000025: MySQLDialect does not need to be specified explicitly using 'hibernate.dialect' (remove the property setting and it will be selected by default)
2025-11-23T11:22:48.338+05:30  INFO 15824 --- [placingorder] [restartedMain] o.h.e.t.j.p.i.JtaPlatformInitiator       : HHH000489: No JTA platform available (set 'hibernate.transaction.jta.platform' to enable JTA platform integration)
2025-11-23T11:22:48.512+05:30  INFO 15824 --- [placingorder] [restartedMain] j.LocalContainerEntityManagerFactoryBean : Initialized JPA EntityManagerFactory for persistence unit 'default'
2025-11-23T11:22:49.235+05:30  WARN 15824 --- [placingorder] [restartedMain] o.s.b.d.a.OptionalLiveReloadServer       : Unable to start LiveReload server
2025-11-23T11:22:51.399+05:30  WARN 15824 --- [placingorder] [restartedMain] iguration$LoadBalancerCaffeineWarnLogger : Spring Cloud LoadBalancer is currently working with the default cache. While this cache implementation is useful for development and tests, it's recommended to use Caffeine cache in production.You can switch to using Caffeine cache, by adding it and org.springframework.cache.caffeine.CaffeineCacheManager to the classpath.
2025-11-23T11:22:51.419+05:30  INFO 15824 --- [placingorder] [restartedMain] o.s.b.a.e.web.EndpointLinksResolver      : Exposing 3 endpoint(s) beneath base path '/actuator'
2025-11-23T11:22:51.945+05:30  INFO 15824 --- [placingorder] [restartedMain] o.s.b.w.embedded.tomcat.TomcatWebServer  : Tomcat started on port 8083 (http) with context path ''
2025-11-23T11:22:51.969+05:30  INFO 15824 --- [placingorder] [restartedMain] com.cts.PlacingOrderApplication          : Started PlacingOrderApplication in 10.907 seconds (process running for 11.947)
2025-11-23T11:22:52.483+05:30  INFO 15824 --- [placingorder] [RMI TCP Connection(9)-127.0.0.1] o.a.c.c.C.[Tomcat].[localhost].[/]       : Initializing Spring DispatcherServlet 'dispatcherServlet'
2025-11-23T11:22:52.483+05:30  INFO 15824 --- [placingorder] [RMI TCP Connection(9)-127.0.0.1] o.s.web.servlet.DispatcherServlet        : Initializing Servlet 'dispatcherServlet'
2025-11-23T11:22:52.485+05:30  INFO 15824 --- [placingorder] [RMI TCP Connection(9)-127.0.0.1] o.s.web.servlet.DispatcherServlet        : Completed initialization in 2 ms
2025-11-23T11:24:15.124+05:30  INFO 15824 --- [placingorder] [http-nio-8083-exec-2] c.c.logging.config.RequestLoggingFilter  : Incoming Request: method=GET, uri=/api/orders
2025-11-23T11:24:15.146+05:30  INFO 15824 --- [placingorder] [http-nio-8083-exec-2] com.cts.controller.OrderController       : 📋 Fetching all orders
2025-11-23T11:24:15.163+05:30  INFO 15824 --- [placingorder] [http-nio-8083-exec-2] com.cts.service.OrderServiceImpl         : Fetching all orders from repository
2025-11-23T11:24:15.585+05:30  INFO 15824 --- [placingorder] [http-nio-8083-exec-2] com.cts.controller.OrderController       : ✅ Retrieved 22 orders
2025-11-23T11:24:15.633+05:30  INFO 15824 --- [placingorder] [http-nio-8083-exec-2] c.c.l.config.ResponseLoggingFilter       : Outgoing Response: status=200
